{"level":"info","message":"Database connected: ac-3hoxfyu-shard-00-01.c8dwhhe.mongodb.net","service":"Booking-Api","timestamp":"2025-08-12T15:31:45.798Z"}
{"level":"info","message":"Server is running on port 3000","service":"Booking-Api","timestamp":"2025-08-12T15:31:45.806Z"}
{"level":"info","message":"Database connected: ac-3hoxfyu-shard-00-01.c8dwhhe.mongodb.net","service":"Booking-Api","timestamp":"2025-08-12T15:32:18.094Z"}
{"level":"info","message":"Server is running on port 3000","service":"Booking-Api","timestamp":"2025-08-12T15:32:18.099Z"}
{"level":"info","message":"Database connected: ac-3hoxfyu-shard-00-00.c8dwhhe.mongodb.net","service":"Booking-Api","timestamp":"2025-08-12T15:32:20.653Z"}
{"level":"info","message":"Server is running on port 3000","service":"Booking-Api","timestamp":"2025-08-12T15:32:20.659Z"}
{"level":"info","message":"Database connected: ac-3hoxfyu-shard-00-01.c8dwhhe.mongodb.net","service":"Booking-Api","timestamp":"2025-08-12T15:34:26.115Z"}
{"level":"info","message":"Server is running on port 3000","service":"Booking-Api","timestamp":"2025-08-12T15:34:26.122Z"}
{"level":"info","message":"Database connected: ac-3hoxfyu-shard-00-01.c8dwhhe.mongodb.net","service":"Booking-Api","timestamp":"2025-08-12T15:34:41.623Z"}
{"level":"info","message":"Server is running on port 3000","service":"Booking-Api","timestamp":"2025-08-12T15:34:41.629Z"}
{"level":"info","message":"Database connected: ac-3hoxfyu-shard-00-00.c8dwhhe.mongodb.net","service":"Booking-Api","timestamp":"2025-08-12T15:35:35.577Z"}
{"level":"info","message":"Server is running on port 3000","service":"Booking-Api","timestamp":"2025-08-12T15:35:35.583Z"}
{"level":"info","message":"Database connected: ac-3hoxfyu-shard-00-02.c8dwhhe.mongodb.net","service":"Booking-Api","timestamp":"2025-08-12T15:36:04.134Z"}
{"level":"info","message":"Server is running on port 3000","service":"Booking-Api","timestamp":"2025-08-12T15:36:04.140Z"}
{"level":"info","message":"Database connected: ac-3hoxfyu-shard-00-02.c8dwhhe.mongodb.net","service":"Booking-Api","timestamp":"2025-08-12T15:36:21.661Z"}
{"level":"info","message":"Server is running on port 3000","service":"Booking-Api","timestamp":"2025-08-12T15:36:21.667Z"}
{"level":"info","message":"Database connected: ac-3hoxfyu-shard-00-00.c8dwhhe.mongodb.net","service":"Booking-Api","timestamp":"2025-08-12T15:36:32.601Z"}
{"level":"info","message":"Server is running on port 3000","service":"Booking-Api","timestamp":"2025-08-12T15:36:32.607Z"}
{"level":"info","message":"Database connected: ac-3hoxfyu-shard-00-02.c8dwhhe.mongodb.net","service":"Booking-Api","timestamp":"2025-08-12T15:36:41.062Z"}
{"level":"info","message":"Server is running on port 3000","service":"Booking-Api","timestamp":"2025-08-12T15:36:41.069Z"}
{"level":"info","message":"Database connected: ac-3hoxfyu-shard-00-02.c8dwhhe.mongodb.net","service":"Booking-Api","timestamp":"2025-08-12T15:36:57.767Z"}
{"level":"info","message":"Server is running on port 3000","service":"Booking-Api","timestamp":"2025-08-12T15:36:57.775Z"}
{"level":"info","message":"Database connected: ac-3hoxfyu-shard-00-01.c8dwhhe.mongodb.net","service":"Booking-Api","timestamp":"2025-08-12T15:37:58.877Z"}
{"level":"info","message":"Server is running on port 3000","service":"Booking-Api","timestamp":"2025-08-12T15:37:58.884Z"}
{"level":"info","message":"Database connected: ac-3hoxfyu-shard-00-02.c8dwhhe.mongodb.net","service":"Booking-Api","timestamp":"2025-08-12T15:38:11.428Z"}
{"level":"info","message":"Server is running on port 3000","service":"Booking-Api","timestamp":"2025-08-12T15:38:11.435Z"}
{"level":"info","message":"Database connected: ac-3hoxfyu-shard-00-02.c8dwhhe.mongodb.net","service":"Booking-Api","timestamp":"2025-08-12T15:38:20.156Z"}
{"level":"info","message":"Server is running on port 3000","service":"Booking-Api","timestamp":"2025-08-12T15:38:20.162Z"}
{"level":"info","message":"Database connected: ac-3hoxfyu-shard-00-00.c8dwhhe.mongodb.net","service":"Booking-Api","timestamp":"2025-08-12T15:40:07.860Z"}
{"level":"info","message":"Server is running on port 3000","service":"Booking-Api","timestamp":"2025-08-12T15:40:07.866Z"}
{"level":"info","message":"Database connected: ac-3hoxfyu-shard-00-02.c8dwhhe.mongodb.net","service":"Booking-Api","timestamp":"2025-08-12T15:40:15.272Z"}
{"level":"info","message":"Server is running on port 3000","service":"Booking-Api","timestamp":"2025-08-12T15:40:15.279Z"}
{"level":"info","message":"Database connected: ac-3hoxfyu-shard-00-02.c8dwhhe.mongodb.net","service":"Booking-Api","timestamp":"2025-08-12T15:40:24.803Z"}
{"level":"info","message":"Server is running on port 3000","service":"Booking-Api","timestamp":"2025-08-12T15:40:24.809Z"}
{"level":"info","message":"Recieved POST request to /api/auth/login","service":"Booking-Api","timestamp":"2025-08-12T15:55:28.329Z"}
{"level":"info","message":"Request body: {\"email\":\"arjun21@gmail.com\"}","service":"Booking-Api","timestamp":"2025-08-12T15:55:28.330Z"}
{"level":"info","message":"Recieved POST request to /api/auth/signup","service":"Booking-Api","timestamp":"2025-08-12T15:56:40.217Z"}
{"level":"info","message":"Request body: {\"name\":\"Sumant Bhise\",\"email\":\"sb02@gmail.com\",\"phone\":\"9993499999\"}","service":"Booking-Api","timestamp":"2025-08-12T15:56:40.218Z"}
{"level":"info","message":"Recieved POST request to /api/auth/login","service":"Booking-Api","timestamp":"2025-08-12T15:57:01.583Z"}
{"level":"info","message":"Request body: {\"email\":\"sb02@gmail.com\"}","service":"Booking-Api","timestamp":"2025-08-12T15:57:01.583Z"}
{"level":"info","message":"Recieved GET request to /api/activity/availableactivities","service":"Booking-Api","timestamp":"2025-08-12T15:57:16.323Z"}
{"level":"info","message":"Recieved GET request to /api/activity/availableactivities/681dfe76007e34b59050b830","service":"Booking-Api","timestamp":"2025-08-12T15:57:31.247Z"}
{"level":"info","message":"Recieved GET request to /api/bookmyactivity/mybooking","service":"Booking-Api","timestamp":"2025-08-12T15:57:55.381Z"}
{"level":"info","message":"Recieved POST request to /api/bookmyactivity/booking","service":"Booking-Api","timestamp":"2025-08-12T15:58:07.003Z"}
{"level":"info","message":"Request body: {\"activityId\":\"681dfe76007e34b59050b830\"}","service":"Booking-Api","timestamp":"2025-08-12T15:58:07.004Z"}
{"level":"info","message":"Recieved GET request to /api/bookmyactivity/mybooking","service":"Booking-Api","timestamp":"2025-08-12T15:58:18.388Z"}
{"level":"info","message":"Recieved POST request to /api/auth/logout","service":"Booking-Api","timestamp":"2025-08-12T15:58:29.101Z"}
{"level":"info","message":"Recieved GET request to /api/activity/availableactivities/681dfe76007e34b59050b830","service":"Booking-Api","timestamp":"2025-08-12T15:58:32.314Z"}
{"level":"info","message":"Recieved GET request to /api/activity/availableactivities","service":"Booking-Api","timestamp":"2025-08-12T15:58:35.563Z"}
{"level":"info","message":"Recieved GET request to /api/bookmyactivity/mybooking","service":"Booking-Api","timestamp":"2025-08-12T15:58:39.695Z"}
{"level":"info","message":"Recieved POST request to /api/bookmyactivity/booking","service":"Booking-Api","timestamp":"2025-08-12T15:58:43.459Z"}
{"level":"info","message":"Request body: {\"activityId\":\"681dfe76007e34b59050b830\"}","service":"Booking-Api","timestamp":"2025-08-12T15:58:43.460Z"}
